<?xml version="1.0" encoding="UTF-8"?>
<testng-results ignored="0" total="1" passed="1" failed="0" skipped="0">
  <reporter-output>
  </reporter-output>
  <suite started-at="2025-07-03T20:00:07 IST" name="Default suite" finished-at="2025-07-03T20:00:25 IST" duration-ms="18263">
    <groups>
      <group name="cucumber">
        <method signature="AbstractTestNGCucumberTests.runScenario(io.cucumber.testng.PickleWrapper,io.cucumber.testng.FeatureWrapper)[pri:0, instance:runners.CucumberTestRunner@5c80cf32]" name="runScenario" class="io.cucumber.testng.AbstractTestNGCucumberTests"/>
      </group> <!-- cucumber -->
    </groups>
    <test started-at="2025-07-03T20:00:07 IST" name="Default test" finished-at="2025-07-03T20:00:25 IST" duration-ms="18263">
      <class name="runners.CucumberTestRunner">
        <test-method is-config="true" signature="setUpClass(org.testng.ITestContext)[pri:0, instance:runners.CucumberTestRunner@5c80cf32]" started-at="2025-07-03T20:00:07 IST" name="setUpClass" finished-at="2025-07-03T20:00:08 IST" duration-ms="592" status="PASS">
          <params>
            <param index="0">
              <value>
                <![CDATA[org.testng.TestRunner@304b9f1a]]>
              </value>
            </param>
          </params>
          <reporter-output>
          </reporter-output>
        </test-method> <!-- setUpClass -->
        <test-method signature="runScenario(io.cucumber.testng.PickleWrapper,io.cucumber.testng.FeatureWrapper)[pri:0, instance:runners.CucumberTestRunner@5c80cf32]" started-at="2025-07-03T20:00:08 IST" name="runScenario" description="Runs Cucumber Scenarios" data-provider="scenarios" finished-at="2025-07-03T20:00:25 IST" duration-ms="17570" status="PASS">
          <params>
            <param index="0">
              <value>
                <![CDATA["Place an order successfully"]]>
              </value>
            </param>
            <param index="1">
              <value>
                <![CDATA["End‑to‑End purchase flow on Sauce Demo"]]>
              </value>
            </param>
          </params>
          <reporter-output>
          </reporter-output>
        </test-method> <!-- runScenario -->
        <test-method is-config="true" signature="tearDownClass()[pri:0, instance:runners.CucumberTestRunner@5c80cf32]" started-at="2025-07-03T20:00:25 IST" name="tearDownClass" finished-at="2025-07-03T20:00:25 IST" duration-ms="53" status="PASS">
          <reporter-output>
          </reporter-output>
        </test-method> <!-- tearDownClass -->
      </class> <!-- runners.CucumberTestRunner -->
    </test> <!-- Default test -->
  </suite> <!-- Default suite -->
</testng-results>
